<?xml version="1.0" encoding="UTF-8"?>
<!-- Generated by org.testng.reporters.JUnitXMLReporter -->
<testsuite ignored="0" hostname="LAPTOP-PCSNN475" failures="1" tests="3" name="Error Validations Test" time="23.336" errors="0" timestamp="2025-01-02T15:19:57 IST">
  <testcase classname="AutomationTesting.tests.ErrorValidationsTest" name="LoginErrorValidation" time="1.116">
    <skipped/>
  </testcase> <!-- LoginErrorValidation -->
  <testcase classname="AutomationTesting.tests.ErrorValidationsTest" name="LoginErrorValidation" time="1.405">
    <failure type="java.lang.AssertionError" message="expected [Incorrect email or password.] but found [Incorrect email or pasfdd@@sword.]">
      <![CDATA[java.lang.AssertionError: expected [Incorrect email or password.] but found [Incorrect email or pasfdd@@sword.]
at AutomationTesting.tests.ErrorValidationsTest.LoginErrorValidation(ErrorValidationsTest.java:25)
at java.base/java.util.ArrayList.forEach(ArrayList.java:1597)
at java.base/java.util.concurrent.FutureTask.run(FutureTask.java:317)
at java.base/java.util.concurrent.ThreadPoolExecutor.runWorker(ThreadPoolExecutor.java:1144)
at java.base/java.util.concurrent.ThreadPoolExecutor$Worker.run(ThreadPoolExecutor.java:642)
at java.base/java.lang.Thread.run(Thread.java:1570)
... Removed 22 stack frames]]>
    </failure>
  </testcase> <!-- LoginErrorValidation -->
  <testcase classname="AutomationTesting.tests.ErrorValidationsTest" name="ProductErrorValidation" time="3.301"/>
</testsuite> <!-- Error Validations Test -->
